2025-03-28 15:09:58.100928 - Received CBT.V508.FILE090.PDS from FILE090.XMI 
2025-03-28 15:09:58.102063 - Found $$$#DATE.txt (text/plain) in CBT.V508.FILE090.PDS, moved to PDS/$$$#DATE
2025-03-28 15:09:58.102712 - Found $$DOC.txt (text/plain) in CBT.V508.FILE090.PDS, moved to PDS/$$DOC
2025-03-28 15:09:58.103346 - Found $$DOC2.txt (text/plain) in CBT.V508.FILE090.PDS, moved to PDS/$$DOC2
2025-03-28 15:09:58.104102 - Found @FILE090.txt (text/plain) in CBT.V508.FILE090.PDS, moved to PDS/@FILE090
2025-03-28 15:09:58.104756 - Found DCFDOC.txt (text/plain) in CBT.V508.FILE090.PDS, moved to PDS/DCFDOC
2025-03-28 15:09:58.105686 - Found DELINK.txt (text/plain) in CBT.V508.FILE090.PDS, moved to PDS/DELINK
2025-03-28 15:09:58.106372 - Found DWNMPRLG.txt (text/plain) in CBT.V508.FILE090.PDS, moved to PDS/DWNMPRLG
2025-03-28 15:09:58.107163 - Found DWNSCAN.txt (text/plain) in CBT.V508.FILE090.PDS, moved to PDS/DWNSCAN
2025-03-28 15:09:58.107983 - Found DWNSHEX.txt (text/plain) in CBT.V508.FILE090.PDS, moved to PDS/DWNSHEX
2025-03-28 15:09:58.108615 - Found DWNSPDSR.txt (text/plain) in CBT.V508.FILE090.PDS, moved to PDS/DWNSPDSR
2025-03-28 15:09:58.109306 - Found DWNYBLDL.txt (text/plain) in CBT.V508.FILE090.PDS, moved to PDS/DWNYBLDL
2025-03-28 15:09:58.109941 - Found FMBLOCK.txt (text/plain) in CBT.V508.FILE090.PDS, moved to PDS/FMBLOCK
2025-03-28 15:09:58.110693 - Found FMCREDT.txt (text/plain) in CBT.V508.FILE090.PDS, moved to PDS/FMCREDT
2025-03-28 15:09:58.112080 - Found FMSTART.txt (text/plain) in CBT.V508.FILE090.PDS, moved to PDS/FMSTART
2025-03-28 15:09:58.112920 - Found FMWORK1.txt (text/plain) in CBT.V508.FILE090.PDS, moved to PDS/FMWORK1
2025-03-28 15:09:58.113888 - Found FMWORK2.txt (text/plain) in CBT.V508.FILE090.PDS, moved to PDS/FMWORK2
2025-03-28 15:09:58.115021 - Found PLIICB.txt (text/plain) in CBT.V508.FILE090.PDS, moved to PDS/PLIICB
2025-03-28 15:09:58.115533 - Found PLISIG.txt (text/plain) in CBT.V508.FILE090.PDS, moved to PDS/PLISIG
2025-03-28 15:09:58.116157 - Found XMITBOOK.xmi (application/xmit) in CBT.V508.FILE090.PDS, moved to PDS/XMITBOOK
